<?xml version="1.0" encoding="UTF-8"?>
<testsuite name="Matrix" tests="2" skipped="0" failures="0" errors="0" timestamp="2023-12-12T09:58:35" hostname="CHAIMA" time="0.298">
  <properties/>
  <testcase name="Determinant" classname="Matrix" time="0.292"/>
  <testcase name="Transpose" classname="Matrix" time="0.006"/>
  <system-out><![CDATA[]]></system-out>
  <system-err><![CDATA[]]></system-err>
</testsuite>
